timestamp: 2018-05-09T11:52:35.306000
CREATE TABLE "web2py_session_start"(
    "id" INTEGER PRIMARY KEY AUTOINCREMENT,
    "locked" CHAR(1),
    "client_ip" CHAR(64),
    "created_datetime" TIMESTAMP,
    "modified_datetime" TIMESTAMP,
    "unique_key" CHAR(64),
    "session_data" BLOB
);
success!
timestamp: 2018-05-09T11:52:35.771000
CREATE TABLE "auth_user"(
    "id" INTEGER PRIMARY KEY AUTOINCREMENT,
    "first_name" CHAR(128),
    "last_name" CHAR(128),
    "email" CHAR(512),
    "password" CHAR(512),
    "registration_key" CHAR(512),
    "reset_password_key" CHAR(512),
    "registration_id" CHAR(512)
);
success!
timestamp: 2018-05-09T11:52:35.928000
CREATE TABLE "auth_group"(
    "id" INTEGER PRIMARY KEY AUTOINCREMENT,
    "role" CHAR(512),
    "description" TEXT
);
success!
timestamp: 2018-05-09T11:52:36.040000
CREATE TABLE "auth_membership"(
    "id" INTEGER PRIMARY KEY AUTOINCREMENT,
    "user_id" INTEGER REFERENCES "auth_user" ("id") ON DELETE CASCADE  ,
    "group_id" INTEGER REFERENCES "auth_group" ("id") ON DELETE CASCADE  
);
success!
timestamp: 2018-05-09T11:52:36.199000
CREATE TABLE "auth_permission"(
    "id" INTEGER PRIMARY KEY AUTOINCREMENT,
    "group_id" INTEGER REFERENCES "auth_group" ("id") ON DELETE CASCADE  ,
    "name" CHAR(512),
    "table_name" CHAR(512),
    "record_id" INTEGER
);
success!
timestamp: 2018-05-09T11:52:36.330000
CREATE TABLE "auth_event"(
    "id" INTEGER PRIMARY KEY AUTOINCREMENT,
    "time_stamp" TIMESTAMP,
    "client_ip" CHAR(512),
    "user_id" INTEGER REFERENCES "auth_user" ("id") ON DELETE CASCADE  ,
    "origin" CHAR(512),
    "description" TEXT
);
success!
timestamp: 2018-05-09T11:52:36.563000
CREATE TABLE "auth_cas"(
    "id" INTEGER PRIMARY KEY AUTOINCREMENT,
    "user_id" INTEGER REFERENCES "auth_user" ("id") ON DELETE CASCADE  ,
    "created_on" TIMESTAMP,
    "service" CHAR(512),
    "ticket" CHAR(512),
    "renew" CHAR(1)
);
success!
timestamp: 2018-05-09T15:20:52.546000
CREATE TABLE "checklist"(
    "id" INTEGER PRIMARY KEY AUTOINCREMENT,
    "user_email" CHAR(512),
    "title" CHAR(512),
    "memo" TEXT,
    "updated_on" TIMESTAMP,
    "is_public" CHAR(1)
);
success!
timestamp: 2018-05-10T20:59:01.867000
CREATE TABLE "track"(
    "id" INTEGER PRIMARY KEY AUTOINCREMENT,
    "artist" CHAR(512),
    "album" CHAR(512),
    "title" CHAR(512),
    "num_plays" INTEGER,
    "favorite" CHAR(1),
    "created_by" CHAR(512),
    "created_on" CHAR(512)
);
success!
timestamp: 2018-05-10T20:59:02.048000
CREATE TABLE "track_data"(
    "id" INTEGER PRIMARY KEY AUTOINCREMENT,
    "track_id" INTEGER REFERENCES "track" ("id") ON DELETE CASCADE  ,
    "original_filename" CHAR(512),
    "data_blob" BLOB,
    "mime_type" CHAR(512)
);
success!
timestamp: 2018-05-14T18:56:06.636000
CREATE TABLE "web2py_session_hw3"(
    "id" INTEGER PRIMARY KEY AUTOINCREMENT,
    "locked" CHAR(1),
    "client_ip" CHAR(64),
    "created_datetime" TIMESTAMP,
    "modified_datetime" TIMESTAMP,
    "unique_key" CHAR(64),
    "session_data" BLOB
);
success!
timestamp: 2018-05-15T22:30:54.698000
CREATE TABLE "web2py_session_JapanPostTracker"(
    "id" INTEGER PRIMARY KEY AUTOINCREMENT,
    "locked" CHAR(1),
    "client_ip" CHAR(64),
    "created_datetime" TIMESTAMP,
    "modified_datetime" TIMESTAMP,
    "unique_key" CHAR(64),
    "session_data" BLOB
);
success!
success!
success!
success!
success!
success!
success!
success!
success!
success!
success!
success!
success!
success!
success!
success!
success!
success!
success!
success!
success!
success!
success!
success!
success!
success!
success!
success!
success!
success!
success!
success!
success!
success!
success!
success!
success!
success!
success!
success!
success!
success!
success!
success!
success!
success!
success!
success!
success!
success!
success!
success!
success!
success!
success!
success!
success!
success!
success!
success!
success!
success!
success!
success!
success!
success!
success!
success!
success!
success!
success!
success!
success!
success!
success!
success!
success!
success!
success!
success!
success!
success!
success!
success!
success!
success!
success!
success!
success!
success!
success!
success!
success!
success!
success!
success!
success!
success!
success!
success!
success!
success!
success!
success!
success!
success!
success!
success!
success!
success!
success!
success!
success!
success!
success!
success!
success!
success!
success!
success!
success!
success!
success!
success!
success!
success!
success!
success!
success!
success!
success!
success!
success!
success!
success!
success!
success!
success!
success!
success!
success!
